<?xml version="1.0" encoding="UTF-8"?>
<!-- Generated by org.testng.reporters.JUnitReportReporter -->
<testsuite hostname="LT-A0341" name="com.areteans.tests.Module1" tests="1" failures="0" timestamp="31 Oct 2019 09:37:31 GMT" time="15.102" errors="0">
  <testcase name="TC01_searchDirectory" time="15.102" classname="com.areteans.tests.Module1"/>
</testsuite> <!-- com.areteans.tests.Module1 -->
