<?xml version="1.0" encoding="UTF-8"?>
<!-- Generated by org.testng.reporters.JUnitReportReporter -->
<testsuite hostname="LT-A0341" name="com.areteans.tests.Module3" tests="1" failures="0" timestamp="17 Nov 2019 10:10:03 GMT" time="16.294" errors="0">
  <testcase name="tC01_verifyLoginFunctionality" time="16.294" classname="com.areteans.tests.Module3"/>
</testsuite> <!-- com.areteans.tests.Module3 -->
