<?xml version="1.0" encoding="UTF-8"?>
<!-- Generated by org.testng.reporters.JUnitReportReporter -->
<testsuite hostname="LT-A0341" name="com.syne.tests.Module3" tests="1" failures="0" timestamp="31 Oct 2019 09:02:05 GMT" time="13.715" errors="0">
  <testcase name="tC01_verifyLoginFunctionality" time="13.715" classname="com.syne.tests.Module3"/>
</testsuite> <!-- com.syne.tests.Module3 -->
