<?xml version="1.0" encoding="UTF-8"?>
<!-- Generated by org.testng.reporters.JUnitReportReporter -->
<testsuite hostname="LT-A0341" name="com.areteans.tests.Module3" tests="1" failures="0" timestamp="15 Nov 2019 10:59:49 GMT" time="6.906" errors="0">
  <testcase name="tC01_verifyLoginFunctionality" time="6.906" classname="com.areteans.tests.Module3"/>
</testsuite> <!-- com.areteans.tests.Module3 -->
